[03/11/2025 23:31:00] Iniciando processo de transformação...
[03/11/2025 23:31:00]  clientes.csv convertido com sucesso → clientes_tratado.xlsx
[03/11/2025 23:31:01]  medicoes_energia.csv convertido com sucesso → medicoes_energia_tratado.xlsx
[03/11/2025 23:31:01]  ocorrencias_tecnicas.csv convertido com sucesso → ocorrencias_tecnicas_tratado.xlsx
[03/11/2025 23:31:01]  perdas_energia.csv convertido com sucesso → perdas_energia_tratado.xlsx
[03/11/2025 23:31:01] Processo concluído em 1.05 segundos.
[03/11/2025 23:36:46] Iniciando processo de transformação...
[03/11/2025 23:36:46]  clientes.csv convertido com sucesso → clientes_tratado.xlsx
[03/11/2025 23:36:47]  medicoes_energia.csv convertido com sucesso → medicoes_energia_tratado.xlsx
[03/11/2025 23:36:47]  ocorrencias_tecnicas.csv convertido com sucesso → ocorrencias_tecnicas_tratado.xlsx
[03/11/2025 23:36:47]  perdas_energia.csv convertido com sucesso → perdas_energia_tratado.xlsx
[03/11/2025 23:36:47] Processo concluído em 1.05 segundos.
[03/11/2025 23:38:53] Iniciando processo de transformação...
[03/11/2025 23:38:53]  Erro ao processar clientes.csv: [Errno 13] Permission denied: 'c:\\Users\\Vinicius\\Documents\\projeto_light\\database_final\\clientes_tratado.xlsx'
[03/11/2025 23:38:54]  medicoes_energia.csv convertido com sucesso → medicoes_energia_tratado.xlsx
[03/11/2025 23:38:54]  ocorrencias_tecnicas.csv convertido com sucesso → ocorrencias_tecnicas_tratado.xlsx
[03/11/2025 23:38:54]  perdas_energia.csv convertido com sucesso → perdas_energia_tratado.xlsx
[03/11/2025 23:38:54] Processo concluído em 0.96 segundos.
[03/11/2025 23:42:09] Iniciando processo de transformação...
[03/11/2025 23:42:09]  clientes.csv convertido com sucesso → clientes_tratado.xlsx
[03/11/2025 23:42:10]  medicoes_energia.csv convertido com sucesso → medicoes_energia_tratado.xlsx
[03/11/2025 23:42:10]  ocorrencias_tecnicas.csv convertido com sucesso → ocorrencias_tecnicas_tratado.xlsx
[03/11/2025 23:42:10]  perdas_energia.csv convertido com sucesso → perdas_energia_tratado.xlsx
[03/11/2025 23:42:10] Processo concluído em 1.08 segundos.
[03/11/2025 23:49:24] Iniciando processo de transformação...
[03/11/2025 23:49:24]  clientes.csv convertido com sucesso → clientes_tratado.xlsx
[03/11/2025 23:49:25]  medicoes_energia.csv convertido com sucesso → medicoes_energia_tratado.xlsx
[03/11/2025 23:49:25]  ocorrencias_tecnicas.csv convertido com sucesso → ocorrencias_tecnicas_tratado.xlsx
[03/11/2025 23:49:25]  perdas_energia.csv convertido com sucesso → perdas_energia_tratado.xlsx
[03/11/2025 23:49:25] Processo concluído em 1.07 segundos.
[03/11/2025 23:52:28] Iniciando processo de transformação...
[03/11/2025 23:52:28]  clientes.csv convertido com sucesso → clientes_tratado.xlsx
[03/11/2025 23:52:29]  medicoes_energia.csv convertido com sucesso → medicoes_energia_tratado.xlsx
[03/11/2025 23:52:29]  ocorrencias_tecnicas.csv convertido com sucesso → ocorrencias_tecnicas_tratado.xlsx
[03/11/2025 23:52:29]  perdas_energia.csv convertido com sucesso → perdas_energia_tratado.xlsx
[03/11/2025 23:52:29] Processo concluído em 1.1 segundos.
[03/11/2025 23:55:26] Iniciando processo de transformação...
[03/11/2025 23:55:26]  clientes.csv convertido com sucesso → clientes_tratado.xlsx
[03/11/2025 23:55:27]  medicoes_energia.csv convertido com sucesso → medicoes_energia_tratado.xlsx
[03/11/2025 23:55:27]  ocorrencias_tecnicas.csv convertido com sucesso → ocorrencias_tecnicas_tratado.xlsx
[03/11/2025 23:55:27]  perdas_energia.csv convertido com sucesso → perdas_energia_tratado.xlsx
[03/11/2025 23:55:27] Processo concluído em 1.07 segundos.
[03/11/2025 23:57:53] Iniciando processo de transformação...
[03/11/2025 23:57:53]  clientes.csv convertido com sucesso → clientes_tratado.xlsx
[03/11/2025 23:57:54]  medicoes_energia.csv convertido com sucesso → medicoes_energia_tratado.xlsx
[03/11/2025 23:57:54]  ocorrencias_tecnicas.csv convertido com sucesso → ocorrencias_tecnicas_tratado.xlsx
[03/11/2025 23:57:54]  perdas_energia.csv convertido com sucesso → perdas_energia_tratado.xlsx
[03/11/2025 23:57:54] Processo concluído em 1.09 segundos.
[04/11/2025 00:06:45] Iniciando processo de transformação...
[04/11/2025 00:06:46]  clientes.csv convertido com sucesso → clientes_tratado.xlsx
[04/11/2025 00:06:46]  medicoes_energia.csv convertido com sucesso → medicoes_energia_tratado.xlsx
[04/11/2025 00:06:46]  ocorrencias_tecnicas.csv convertido com sucesso → ocorrencias_tecnicas_tratado.xlsx
[04/11/2025 00:06:46]  perdas_energia.csv convertido com sucesso → perdas_energia_tratado.xlsx
[04/11/2025 00:06:46] Processo concluído em 1.14 segundos.
[04/11/2025 00:22:40] Iniciando processo de transformação...
[04/11/2025 00:22:40]  clientes.csv convertido com sucesso → clientes_tratado.xlsx
[04/11/2025 00:22:41]  medicoes_energia.csv convertido com sucesso → medicoes_energia_tratado.xlsx
[04/11/2025 00:22:41]  ocorrencias_tecnicas.csv convertido com sucesso → ocorrencias_tecnicas_tratado.xlsx
[04/11/2025 00:22:41]  perdas_energia.csv convertido com sucesso → perdas_energia_tratado.xlsx
[04/11/2025 00:22:41] Processo concluído em 1.12 segundos.
[04/11/2025 00:35:24] Iniciando processo de transformação...
[04/11/2025 00:35:24]  clientes.csv convertido com sucesso → clientes_tratado.xlsx
[04/11/2025 00:35:24]  Erro ao processar medicoes_energia.csv: [Errno 13] Permission denied: 'c:\\Users\\Vinicius\\Documents\\projeto_light\\database_final\\medicoes_energia_tratado.xlsx'
[04/11/2025 00:35:24]  Erro ao processar ocorrencias_tecnicas.csv: [Errno 13] Permission denied: 'c:\\Users\\Vinicius\\Documents\\projeto_light\\database_final\\ocorrencias_tecnicas_tratado.xlsx'
[04/11/2025 00:35:24]  perdas_energia.csv convertido com sucesso → perdas_energia_tratado.xlsx
[04/11/2025 00:35:24] Processo concluído em 0.33 segundos.
[04/11/2025 01:03:42] Iniciando processo de transformação...
[04/11/2025 01:03:42]  Erro ao processar clientes.csv: [Errno 13] Permission denied: 'c:\\Users\\Vinicius\\Documents\\projeto_light\\database_final\\clientes_tratado.xlsx'
[04/11/2025 01:03:42]  Erro ao processar medicoes_energia.csv: [Errno 13] Permission denied: 'c:\\Users\\Vinicius\\Documents\\projeto_light\\database_final\\medicoes_energia_tratado.xlsx'
[04/11/2025 01:03:42]  Erro ao processar ocorrencias_tecnicas.csv: [Errno 13] Permission denied: 'c:\\Users\\Vinicius\\Documents\\projeto_light\\database_final\\ocorrencias_tecnicas_tratado.xlsx'
[04/11/2025 01:03:42]  Erro ao processar perdas_energia.csv: [Errno 13] Permission denied: 'c:\\Users\\Vinicius\\Documents\\projeto_light\\database_final\\perdas_energia_tratado.xlsx'
[04/11/2025 01:03:42] Processo concluído em 0.25 segundos.
[04/11/2025 01:04:40] Iniciando processo de transformação...
[04/11/2025 01:04:41]  clientes.csv convertido com sucesso → clientes_tratado.xlsx
[04/11/2025 01:04:41]  medicoes_energia.csv convertido com sucesso → medicoes_energia_tratado.xlsx
[04/11/2025 01:04:42]  ocorrencias_tecnicas.csv convertido com sucesso → ocorrencias_tecnicas_tratado.xlsx
[04/11/2025 01:04:42]  perdas_energia.csv convertido com sucesso → perdas_energia_tratado.xlsx
[04/11/2025 01:04:42] Processo concluído em 1.09 segundos.
[04/11/2025 01:06:33] Iniciando processo de transformação...
[04/11/2025 01:06:33]  clientes.csv convertido com sucesso → clientes_tratado.xlsx
[04/11/2025 01:06:34]  medicoes_energia.csv convertido com sucesso → medicoes_energia_tratado.xlsx
[04/11/2025 01:06:34]  ocorrencias_tecnicas.csv convertido com sucesso → ocorrencias_tecnicas_tratado.xlsx
[04/11/2025 01:06:34]  perdas_energia.csv convertido com sucesso → perdas_energia_tratado.xlsx
[04/11/2025 01:06:34] Processo concluído em 1.16 segundos.
[04/11/2025 01:42:10] Iniciando processo de transformação...
[04/11/2025 01:42:10]  clientes.csv convertido com sucesso → clientes_tratado.xlsx
[04/11/2025 01:42:11]  medicoes_energia.csv convertido com sucesso → medicoes_energia_tratado.xlsx
[04/11/2025 01:42:11]  ocorrencias_tecnicas.csv convertido com sucesso → ocorrencias_tecnicas_tratado.xlsx
[04/11/2025 01:42:11]  perdas_energia.csv convertido com sucesso → perdas_energia_tratado.xlsx
[04/11/2025 01:42:11] Processo concluído em 1.09 segundos.
[05/11/2025 01:52:56] Iniciando processo de transformação...
[05/11/2025 01:52:56]  Erro ao processar clientes.csv: [Errno 13] Permission denied: 'c:\\Users\\Vinicius\\Documents\\projeto_light\\database_final\\clientes_tratado.xlsx'
[05/11/2025 01:52:57]  medicoes_energia.csv convertido com sucesso → medicoes_energia_tratado.xlsx
[05/11/2025 01:52:57]  Erro ao processar ocorrencias_tecnicas.csv: [Errno 13] Permission denied: 'c:\\Users\\Vinicius\\Documents\\projeto_light\\database_final\\ocorrencias_tecnicas_tratado.xlsx'
[05/11/2025 01:52:57]  Erro ao processar perdas_energia.csv: [Errno 13] Permission denied: 'c:\\Users\\Vinicius\\Documents\\projeto_light\\database_final\\perdas_energia_tratado.xlsx'
[05/11/2025 01:52:57] Processo concluído em 1.2 segundos.
[05/11/2025 01:58:54] Iniciando processo de transformação...
[05/11/2025 01:58:54]  Erro ao processar clientes.csv: [Errno 13] Permission denied: 'c:\\Users\\Vinicius\\Documents\\projeto_light\\database_final\\dim_localidade.xlsx'
[05/11/2025 01:58:55]  medicoes_energia.csv convertido com sucesso → medicoes_energia_tratado.xlsx
[05/11/2025 01:58:55]  Erro ao processar ocorrencias_tecnicas.csv: [Errno 13] Permission denied: 'c:\\Users\\Vinicius\\Documents\\projeto_light\\database_final\\dim_localidade.xlsx'
[05/11/2025 01:58:55]  perdas_energia.csv convertido com sucesso → perdas_energia_tratado.xlsx
[05/11/2025 01:58:55] Processo concluído em 0.94 segundos.
[05/11/2025 01:59:43] Iniciando processo de transformação...
[05/11/2025 01:59:44]  clientes.csv convertido com sucesso → clientes_tratado.xlsx
[05/11/2025 01:59:44]  medicoes_energia.csv convertido com sucesso → medicoes_energia_tratado.xlsx
[05/11/2025 01:59:45]  ocorrencias_tecnicas.csv convertido com sucesso → ocorrencias_tecnicas_tratado.xlsx
[05/11/2025 01:59:45]  perdas_energia.csv convertido com sucesso → perdas_energia_tratado.xlsx
[05/11/2025 01:59:45] Processo concluído em 1.26 segundos.
[05/11/2025 02:03:16] Iniciando processo de transformação...
[05/11/2025 02:03:16]  clientes.csv convertido com sucesso → clientes_tratado.xlsx
[05/11/2025 02:03:17]  medicoes_energia.csv convertido com sucesso → medicoes_energia_tratado.xlsx
[05/11/2025 02:03:17]  ocorrencias_tecnicas.csv convertido com sucesso → ocorrencias_tecnicas_tratado.xlsx
[05/11/2025 02:03:17]  perdas_energia.csv convertido com sucesso → perdas_energia_tratado.xlsx
[05/11/2025 02:03:17] Processo concluído em 1.22 segundos.
[05/11/2025 02:05:15] Iniciando processo de transformação...
[05/11/2025 02:05:15]  Erro ao processar clientes.csv: [Errno 13] Permission denied: 'c:\\Users\\Vinicius\\Documents\\projeto_light\\database_final\\dim_localidade.xlsx'
[05/11/2025 02:05:16]  medicoes_energia.csv convertido com sucesso → medicoes_energia_tratado.xlsx
[05/11/2025 02:05:16]  Erro ao processar ocorrencias_tecnicas.csv: [Errno 13] Permission denied: 'c:\\Users\\Vinicius\\Documents\\projeto_light\\database_final\\dim_localidade.xlsx'
[05/11/2025 02:05:16]  perdas_energia.csv convertido com sucesso → perdas_energia_tratado.xlsx
[05/11/2025 02:05:16] Processo concluído em 0.94 segundos.
[05/11/2025 02:05:32] Iniciando processo de transformação...
[05/11/2025 02:05:33]  clientes.csv convertido com sucesso → clientes_tratado.xlsx
[05/11/2025 02:05:33]  medicoes_energia.csv convertido com sucesso → medicoes_energia_tratado.xlsx
[05/11/2025 02:05:33]  ocorrencias_tecnicas.csv convertido com sucesso → ocorrencias_tecnicas_tratado.xlsx
[05/11/2025 02:05:34]  perdas_energia.csv convertido com sucesso → perdas_energia_tratado.xlsx
[05/11/2025 02:05:34] Processo concluído em 1.22 segundos.
[05/11/2025 02:07:49] Iniciando processo de transformação...
[05/11/2025 02:07:49]  clientes.csv convertido com sucesso → clientes_tratado.xlsx
[05/11/2025 02:07:50]  medicoes_energia.csv convertido com sucesso → medicoes_energia_tratado.xlsx
[05/11/2025 02:07:50]  ocorrencias_tecnicas.csv convertido com sucesso → ocorrencias_tecnicas_tratado.xlsx
[05/11/2025 02:07:50]  perdas_energia.csv convertido com sucesso → perdas_energia_tratado.xlsx
[05/11/2025 02:07:50] Processo concluído em 1.22 segundos.
[05/11/2025 02:13:20] Iniciando processo de transformação...
[05/11/2025 02:13:20]  clientes.csv convertido com sucesso → clientes_tratado.xlsx
[05/11/2025 02:13:21]  medicoes_energia.csv convertido com sucesso → medicoes_energia_tratado.xlsx
[05/11/2025 02:13:21]  ocorrencias_tecnicas.csv convertido com sucesso → ocorrencias_tecnicas_tratado.xlsx
[05/11/2025 02:13:21]  perdas_energia.csv convertido com sucesso → perdas_energia_tratado.xlsx
[05/11/2025 02:13:21] Processo concluído em 1.16 segundos.
[05/11/2025 02:25:24] Iniciando processo de transformação...
[05/11/2025 02:25:25]  clientes.csv convertido com sucesso → clientes_tratado.xlsx
[05/11/2025 02:25:25]  medicoes_energia.csv convertido com sucesso → medicoes_energia_tratado.xlsx
[05/11/2025 02:25:25]  ocorrencias_tecnicas.csv convertido com sucesso → ocorrencias_tecnicas_tratado.xlsx
[05/11/2025 02:25:25]  perdas_energia.csv convertido com sucesso → perdas_energia_tratado.xlsx
[05/11/2025 02:25:25] Processo concluído em 1.18 segundos.
[05/11/2025 02:28:12] Iniciando processo de transformação...
[05/11/2025 02:28:12]  clientes.csv convertido com sucesso → clientes_tratado.xlsx
[05/11/2025 02:28:13]  medicoes_energia.csv convertido com sucesso → medicoes_energia_tratado.xlsx
[05/11/2025 02:28:13]  ocorrencias_tecnicas.csv convertido com sucesso → ocorrencias_tecnicas_tratado.xlsx
[05/11/2025 02:28:13]  perdas_energia.csv convertido com sucesso → perdas_energia_tratado.xlsx
[05/11/2025 02:28:13] Processo concluído em 1.24 segundos.
[05/11/2025 02:32:46] Iniciando processo de transformação...
[05/11/2025 02:32:46]  Erro ao processar clientes.csv: converter_csv_para_xlsx() missing 1 required positional argument: 'output_dir'
[05/11/2025 02:32:46]  Erro ao processar medicoes_energia.csv: converter_csv_para_xlsx() missing 1 required positional argument: 'output_dir'
[05/11/2025 02:32:46]  Erro ao processar ocorrencias_tecnicas.csv: converter_csv_para_xlsx() missing 1 required positional argument: 'output_dir'
[05/11/2025 02:32:46]  Erro ao processar perdas_energia.csv: converter_csv_para_xlsx() missing 1 required positional argument: 'output_dir'
[05/11/2025 02:32:46] Processo concluído em 0.0 segundos.
[05/11/2025 02:35:11] Iniciando processo de transformação...
[05/11/2025 02:35:11]  clientes.csv convertido com sucesso → clientes_tratado.xlsx
[05/11/2025 02:35:12]  medicoes_energia.csv convertido com sucesso → medicoes_energia_tratado.xlsx
[05/11/2025 02:35:12]  ocorrencias_tecnicas.csv convertido com sucesso → ocorrencias_tecnicas_tratado.xlsx
[05/11/2025 02:35:12]  perdas_energia.csv convertido com sucesso → perdas_energia_tratado.xlsx
[05/11/2025 02:35:12] Processo concluído em 1.34 segundos.
[05/11/2025 02:43:52] Iniciando processo de transformação...
[05/11/2025 02:43:52]  clientes.csv convertido com sucesso → clientes_tratado.xlsx
[05/11/2025 02:43:53]  medicoes_energia.csv convertido com sucesso → medicoes_energia_tratado.xlsx
[05/11/2025 02:43:53]  ocorrencias_tecnicas.csv convertido com sucesso → ocorrencias_tecnicas_tratado.xlsx
[05/11/2025 02:43:53]  perdas_energia.csv convertido com sucesso → perdas_energia_tratado.xlsx
[05/11/2025 02:43:53] Processo concluído em 1.11 segundos.
[05/11/2025 02:44:45] Iniciando processo de transformação...
[05/11/2025 02:44:45]  Erro ao processar clientes.csv: Nenhum dos arquivos contém as colunas 'cidade' e 'estado'.
[05/11/2025 02:44:46]  medicoes_energia.csv convertido com sucesso → medicoes_energia_tratado.xlsx
[05/11/2025 02:44:46]  Erro ao processar ocorrencias_tecnicas.csv: Nenhum dos arquivos contém as colunas 'cidade' e 'estado'.
[05/11/2025 02:44:46]  perdas_energia.csv convertido com sucesso → perdas_energia_tratado.xlsx
[05/11/2025 02:44:46] Processo concluído em 0.93 segundos.
[05/11/2025 02:45:29] Iniciando processo de transformação...
[05/11/2025 02:45:30]  clientes.csv convertido com sucesso → clientes_tratado.xlsx
[05/11/2025 02:45:31]  medicoes_energia.csv convertido com sucesso → medicoes_energia_tratado.xlsx
[05/11/2025 02:45:31]  ocorrencias_tecnicas.csv convertido com sucesso → ocorrencias_tecnicas_tratado.xlsx
[05/11/2025 02:45:31]  perdas_energia.csv convertido com sucesso → perdas_energia_tratado.xlsx
[05/11/2025 02:45:31] Processo concluído em 1.35 segundos.
[05/11/2025 02:46:51] Iniciando processo de transformação...
[05/11/2025 02:46:51]  Erro ao processar clientes.csv: Nenhum dos arquivos contém as colunas 'cidade' e 'estado'.
[05/11/2025 02:46:52]  medicoes_energia.csv convertido com sucesso → medicoes_energia_tratado.xlsx
[05/11/2025 02:46:52]  Erro ao processar ocorrencias_tecnicas.csv: Nenhum dos arquivos contém as colunas 'cidade' e 'estado'.
[05/11/2025 02:46:52]  perdas_energia.csv convertido com sucesso → perdas_energia_tratado.xlsx
[05/11/2025 02:46:52] Processo concluído em 0.94 segundos.
[05/11/2025 02:48:02] Iniciando processo de transformação...
[05/11/2025 02:48:02]  clientes.csv convertido com sucesso → clientes_tratado.xlsx
[05/11/2025 02:48:03]  medicoes_energia.csv convertido com sucesso → medicoes_energia_tratado.xlsx
[05/11/2025 02:48:03]  ocorrencias_tecnicas.csv convertido com sucesso → ocorrencias_tecnicas_tratado.xlsx
[05/11/2025 02:48:03]  perdas_energia.csv convertido com sucesso → perdas_energia_tratado.xlsx
[05/11/2025 02:48:03] Processo concluído em 1.23 segundos.
[05/11/2025 02:51:50] Iniciando processo de transformação...
[05/11/2025 02:51:51]  clientes.csv convertido com sucesso → clientes_tratado.xlsx
[05/11/2025 02:51:51]  medicoes_energia.csv convertido com sucesso → medicoes_energia_tratado.xlsx
[05/11/2025 02:51:52]  ocorrencias_tecnicas.csv convertido com sucesso → ocorrencias_tecnicas_tratado.xlsx
[05/11/2025 02:51:52]  perdas_energia.csv convertido com sucesso → perdas_energia_tratado.xlsx
[05/11/2025 02:51:52] Processo concluído em 1.36 segundos.
[05/11/2025 02:52:47] Iniciando processo de transformação...
[05/11/2025 02:52:47]  clientes.csv convertido com sucesso → clientes_tratado.xlsx
[05/11/2025 02:52:48]  medicoes_energia.csv convertido com sucesso → medicoes_energia_tratado.xlsx
[05/11/2025 02:52:48]  ocorrencias_tecnicas.csv convertido com sucesso → ocorrencias_tecnicas_tratado.xlsx
[05/11/2025 02:52:48]  perdas_energia.csv convertido com sucesso → perdas_energia_tratado.xlsx
[05/11/2025 02:52:48] Processo concluído em 1.23 segundos.
[05/11/2025 02:58:55] Iniciando processo de transformação...
[05/11/2025 02:58:56]  clientes.csv convertido com sucesso → clientes_tratado.xlsx
[05/11/2025 02:58:57]  medicoes_energia.csv convertido com sucesso → medicoes_energia_tratado.xlsx
[05/11/2025 02:58:57]  ocorrencias_tecnicas.csv convertido com sucesso → ocorrencias_tecnicas_tratado.xlsx
[05/11/2025 02:58:57]  perdas_energia.csv convertido com sucesso → perdas_energia_tratado.xlsx
[05/11/2025 02:58:57] Processo concluído em 1.34 segundos.
[05/11/2025 21:24:46] Iniciando processo de transformação...
[05/11/2025 21:24:46]  clientes.csv convertido com sucesso → clientes_tratado.csv
[05/11/2025 21:24:46]  medicoes_energia.csv convertido com sucesso → medicoes_energia_tratado.csv
[05/11/2025 21:24:46]  ocorrencias_tecnicas.csv convertido com sucesso → ocorrencias_tecnicas_tratado.csv
[05/11/2025 21:24:46]  perdas_energia.csv convertido com sucesso → perdas_energia_tratado.csv
[05/11/2025 21:24:46] Processo concluído em 0.19 segundos.
[05/11/2025 21:28:33] Iniciando processo de transformação...
[05/11/2025 21:28:33]  clientes.csv convertido com sucesso → clientes_tratado.csv
[05/11/2025 21:28:33]  medicoes_energia.csv convertido com sucesso → medicoes_energia_tratado.csv
[05/11/2025 21:28:33]  ocorrencias_tecnicas.csv convertido com sucesso → ocorrencias_tecnicas_tratado.csv
[05/11/2025 21:28:33]  perdas_energia.csv convertido com sucesso → perdas_energia_tratado.csv
[05/11/2025 21:28:33] Processo concluído em 0.14 segundos.
[06/11/2025 02:18:37] Iniciando processo de transformação...
[06/11/2025 02:18:37]  clientes.csv convertido com sucesso → clientes_tratado.csv
[06/11/2025 02:18:37]  medicoes_energia.csv convertido com sucesso → medicoes_energia_tratado.csv
[06/11/2025 02:18:37]  ocorrencias_tecnicas.csv convertido com sucesso → ocorrencias_tecnicas_tratado.csv
[06/11/2025 02:18:37]  perdas_energia.csv convertido com sucesso → perdas_energia_tratado.csv
[06/11/2025 02:18:37] Processo concluído em 0.25 segundos.
[06/11/2025 02:20:26] Iniciando processo de transformação...
[06/11/2025 02:20:26]  clientes.csv convertido com sucesso → clientes_tratado.csv
[06/11/2025 02:20:26]  medicoes_energia.csv convertido com sucesso → medicoes_energia_tratado.csv
[06/11/2025 02:20:26]  ocorrencias_tecnicas.csv convertido com sucesso → ocorrencias_tecnicas_tratado.csv
[06/11/2025 02:20:26]  perdas_energia.csv convertido com sucesso → perdas_energia_tratado.csv
[06/11/2025 02:20:26] Processo concluído em 0.14 segundos.
[06/11/2025 02:34:39] Iniciando processo de transformação...
[06/11/2025 02:34:39]  Erro ao processar clientes.csv: [Errno 13] Permission denied: 'c:\\Users\\Vinicius\\Documents\\projeto_light\\database_final\\dim_localidade.csv'
[06/11/2025 02:34:39]  medicoes_energia.csv convertido com sucesso → medicoes_energia_tratado.csv
[06/11/2025 02:34:39]  ocorrencias_tecnicas.csv convertido com sucesso → ocorrencias_tecnicas_tratado.csv
[06/11/2025 02:34:39]  perdas_energia.csv convertido com sucesso → perdas_energia_tratado.csv
[06/11/2025 02:34:39] Processo concluído em 0.13 segundos.
[06/11/2025 02:34:55] Iniciando processo de transformação...
[06/11/2025 02:34:55]  clientes.csv convertido com sucesso → clientes_tratado.csv
[06/11/2025 02:34:55]  medicoes_energia.csv convertido com sucesso → medicoes_energia_tratado.csv
[06/11/2025 02:34:55]  ocorrencias_tecnicas.csv convertido com sucesso → ocorrencias_tecnicas_tratado.csv
[06/11/2025 02:34:55]  perdas_energia.csv convertido com sucesso → perdas_energia_tratado.csv
[06/11/2025 02:34:55] Processo concluído em 0.15 segundos.
[06/11/2025 02:40:56] Iniciando processo de transformação...
[06/11/2025 02:40:56]  clientes.csv convertido com sucesso → clientes_tratado.csv
[06/11/2025 02:40:56]  medicoes_energia.csv convertido com sucesso → medicoes_energia_tratado.csv
[06/11/2025 02:40:56]  ocorrencias_tecnicas.csv convertido com sucesso → ocorrencias_tecnicas_tratado.csv
[06/11/2025 02:40:56]  perdas_energia.csv convertido com sucesso → perdas_energia_tratado.csv
[06/11/2025 02:40:56] Processo concluído em 0.15 segundos.
[06/11/2025 03:00:28] Iniciando processo de transformação...
[06/11/2025 03:00:28]  clientes.csv convertido com sucesso → clientes_tratado.csv
[06/11/2025 03:00:29]  medicoes_energia.csv convertido com sucesso → medicoes_energia_tratado.csv
[06/11/2025 03:00:29]  ocorrencias_tecnicas.csv convertido com sucesso → ocorrencias_tecnicas_tratado.csv
[06/11/2025 03:00:29]  perdas_energia.csv convertido com sucesso → perdas_energia_tratado.csv
[06/11/2025 03:00:29] Processo concluído em 0.2 segundos.
